app/build/intermediates/manifest_merge_blame_file/debug/manifest-merger-blame-debug-report.txt
1<?xml version="1.0" encoding="utf-8"?>
2<manifest xmlns:android="http://schemas.android.com/apk/res/android"
3    package="com.meetingmind.app"
4    android:versionCode="1"
5    android:versionName="1.0.0" >
6
7    <uses-sdk
8        android:minSdkVersion="26"
9        android:targetSdkVersion="34" />
10
11    <!-- Audio Recording -->
12    <uses-permission android:name="android.permission.RECORD_AUDIO" />
12-->src\main\AndroidManifest.xml:6:5-71
12-->src\main\AndroidManifest.xml:6:22-68
13
14    <!-- Foreground Service -->
15    <uses-permission android:name="android.permission.FOREGROUND_SERVICE" />
15-->src\main\AndroidManifest.xml:9:5-77
15-->src\main\AndroidManifest.xml:9:22-74
16    <uses-permission android:name="android.permission.FOREGROUND_SERVICE_MICROPHONE" />
16-->src\main\AndroidManifest.xml:10:5-88
16-->src\main\AndroidManifest.xml:10:22-85
17
18    <!-- Notifications -->
19    <uses-permission android:name="android.permission.POST_NOTIFICATIONS" />
19-->src\main\AndroidManifest.xml:13:5-77
19-->src\main\AndroidManifest.xml:13:22-74
20
21    <!-- Network -->
22    <uses-permission android:name="android.permission.INTERNET" />
22-->src\main\AndroidManifest.xml:16:5-67
22-->src\main\AndroidManifest.xml:16:22-64
23    <uses-permission android:name="android.permission.ACCESS_NETWORK_STATE" />
23-->src\main\AndroidManifest.xml:17:5-79
23-->src\main\AndroidManifest.xml:17:22-76
24
25    <!-- Alarm / Scheduling -->
26    <uses-permission android:name="android.permission.SCHEDULE_EXACT_ALARM" />
26-->src\main\AndroidManifest.xml:20:5-79
26-->src\main\AndroidManifest.xml:20:22-76
27    <uses-permission android:name="android.permission.USE_EXACT_ALARM" />
27-->src\main\AndroidManifest.xml:21:5-74
27-->src\main\AndroidManifest.xml:21:22-71
28    <uses-permission android:name="android.permission.RECEIVE_BOOT_COMPLETED" />
28-->src\main\AndroidManifest.xml:22:5-81
28-->src\main\AndroidManifest.xml:22:22-78
29
30    <!-- Storage -->
31    <uses-permission
31-->src\main\AndroidManifest.xml:25:5-26:38
32        android:name="android.permission.WRITE_EXTERNAL_STORAGE"
32-->src\main\AndroidManifest.xml:25:22-78
33        android:maxSdkVersion="28" />
33-->src\main\AndroidManifest.xml:26:9-35
34    <uses-permission
34-->src\main\AndroidManifest.xml:27:5-28:38
35        android:name="android.permission.READ_EXTERNAL_STORAGE"
35-->src\main\AndroidManifest.xml:27:22-77
36        android:maxSdkVersion="32" />
36-->src\main\AndroidManifest.xml:28:9-35
37
38    <!-- Wake lock for recording -->
39    <uses-permission android:name="android.permission.WAKE_LOCK" />
39-->src\main\AndroidManifest.xml:31:5-68
39-->src\main\AndroidManifest.xml:31:22-65
40
41    <!-- Vibration for notifications -->
42    <uses-permission android:name="android.permission.VIBRATE" />
42-->src\main\AndroidManifest.xml:34:5-66
42-->src\main\AndroidManifest.xml:34:22-63
43
44    <permission
44-->[androidx.core:core:1.12.0] AndroidManifest.xml:22:5-24:47
45        android:name="com.meetingmind.app.DYNAMIC_RECEIVER_NOT_EXPORTED_PERMISSION"
45-->[androidx.core:core:1.12.0] AndroidManifest.xml:23:9-81
46        android:protectionLevel="signature" />
46-->[androidx.core:core:1.12.0] AndroidManifest.xml:24:9-44
47
48    <uses-permission android:name="com.meetingmind.app.DYNAMIC_RECEIVER_NOT_EXPORTED_PERMISSION" />
48-->[androidx.core:core:1.12.0] AndroidManifest.xml:26:5-97
48-->[androidx.core:core:1.12.0] AndroidManifest.xml:26:22-94
49
50    <application
50-->src\main\AndroidManifest.xml:36:5-90:19
51        android:name="com.meetingmind.app.MeetingMindApp"
51-->src\main\AndroidManifest.xml:37:9-39
52        android:allowBackup="true"
52-->src\main\AndroidManifest.xml:38:9-35
53        android:appComponentFactory="androidx.core.app.CoreComponentFactory"
53-->[androidx.core:core:1.12.0] AndroidManifest.xml:28:18-86
54        android:debuggable="true"
55        android:extractNativeLibs="false"
56        android:icon="@mipmap/ic_launcher"
56-->src\main\AndroidManifest.xml:39:9-43
57        android:label="@string/app_name"
57-->src\main\AndroidManifest.xml:40:9-41
58        android:roundIcon="@mipmap/ic_launcher_round"
58-->src\main\AndroidManifest.xml:41:9-54
59        android:supportsRtl="true"
59-->src\main\AndroidManifest.xml:42:9-35
60        android:theme="@style/Theme.MeetingMind" >
60-->src\main\AndroidManifest.xml:43:9-49
61        <activity
61-->src\main\AndroidManifest.xml:46:9-54:20
62            android:name="com.meetingmind.app.MainActivity"
62-->src\main\AndroidManifest.xml:47:13-41
63            android:exported="true"
63-->src\main\AndroidManifest.xml:48:13-36
64            android:theme="@style/Theme.MeetingMind" >
64-->src\main\AndroidManifest.xml:49:13-53
65            <intent-filter>
65-->src\main\AndroidManifest.xml:50:13-53:29
66                <action android:name="android.intent.action.MAIN" />
66-->src\main\AndroidManifest.xml:51:17-69
66-->src\main\AndroidManifest.xml:51:25-66
67
68                <category android:name="android.intent.category.LAUNCHER" />
68-->src\main\AndroidManifest.xml:52:17-77
68-->src\main\AndroidManifest.xml:52:27-74
69            </intent-filter>
70        </activity>
71
72        <!-- Recording Foreground Service -->
73        <service
73-->src\main\AndroidManifest.xml:57:9-60:58
74            android:name="com.meetingmind.app.service.RecordingService"
74-->src\main\AndroidManifest.xml:58:13-53
75            android:exported="false"
75-->src\main\AndroidManifest.xml:59:13-37
76            android:foregroundServiceType="microphone" />
76-->src\main\AndroidManifest.xml:60:13-55
77
78        <!-- Meeting Reminder Receiver -->
79        <receiver
79-->src\main\AndroidManifest.xml:63:9-69:20
80            android:name="com.meetingmind.app.receiver.MeetingReminderReceiver"
80-->src\main\AndroidManifest.xml:64:13-61
81            android:exported="false" >
81-->src\main\AndroidManifest.xml:65:13-37
82            <intent-filter>
82-->src\main\AndroidManifest.xml:66:13-68:29
83                <action android:name="com.meetingmind.app.MEETING_REMINDER" />
83-->src\main\AndroidManifest.xml:67:17-79
83-->src\main\AndroidManifest.xml:67:25-76
84            </intent-filter>
85        </receiver>
86
87        <!-- Boot Receiver for rescheduling alarms -->
88        <receiver
88-->src\main\AndroidManifest.xml:72:9-78:20
89            android:name="com.meetingmind.app.receiver.BootReceiver"
89-->src\main\AndroidManifest.xml:73:13-50
90            android:exported="true" >
90-->src\main\AndroidManifest.xml:74:13-36
91            <intent-filter>
91-->src\main\AndroidManifest.xml:75:13-77:29
92                <action android:name="android.intent.action.BOOT_COMPLETED" />
92-->src\main\AndroidManifest.xml:76:17-79
92-->src\main\AndroidManifest.xml:76:25-76
93            </intent-filter>
94        </receiver>
95
96        <!-- File Provider for sharing exported documents -->
97        <provider
98            android:name="androidx.core.content.FileProvider"
98-->src\main\AndroidManifest.xml:82:13-62
99            android:authorities="com.meetingmind.app.fileprovider"
99-->src\main\AndroidManifest.xml:83:13-64
100            android:exported="false"
100-->src\main\AndroidManifest.xml:84:13-37
101            android:grantUriPermissions="true" >
101-->src\main\AndroidManifest.xml:85:13-47
102            <meta-data
102-->src\main\AndroidManifest.xml:86:13-88:54
103                android:name="android.support.FILE_PROVIDER_PATHS"
103-->src\main\AndroidManifest.xml:87:17-67
104                android:resource="@xml/file_paths" />
104-->src\main\AndroidManifest.xml:88:17-51
105        </provider>
106        <provider
106-->[androidx.work:work-runtime:2.9.0] AndroidManifest.xml:29:9-37:20
107            android:name="androidx.startup.InitializationProvider"
107-->[androidx.work:work-runtime:2.9.0] AndroidManifest.xml:30:13-67
108            android:authorities="com.meetingmind.app.androidx-startup"
108-->[androidx.work:work-runtime:2.9.0] AndroidManifest.xml:31:13-68
109            android:exported="false" >
109-->[androidx.work:work-runtime:2.9.0] AndroidManifest.xml:32:13-37
110            <meta-data
110-->[androidx.work:work-runtime:2.9.0] AndroidManifest.xml:34:13-36:52
111                android:name="androidx.work.WorkManagerInitializer"
111-->[androidx.work:work-runtime:2.9.0] AndroidManifest.xml:35:17-68
112                android:value="androidx.startup" />
112-->[androidx.work:work-runtime:2.9.0] AndroidManifest.xml:36:17-49
113            <meta-data
113-->[androidx.emoji2:emoji2:1.3.0] AndroidManifest.xml:29:13-31:52
114                android:name="androidx.emoji2.text.EmojiCompatInitializer"
114-->[androidx.emoji2:emoji2:1.3.0] AndroidManifest.xml:30:17-75
115                android:value="androidx.startup" />
115-->[androidx.emoji2:emoji2:1.3.0] AndroidManifest.xml:31:17-49
116            <meta-data
116-->[androidx.lifecycle:lifecycle-process:2.7.0] AndroidManifest.xml:29:13-31:52
117                android:name="androidx.lifecycle.ProcessLifecycleInitializer"
117-->[androidx.lifecycle:lifecycle-process:2.7.0] AndroidManifest.xml:30:17-78
118                android:value="androidx.startup" />
118-->[androidx.lifecycle:lifecycle-process:2.7.0] AndroidManifest.xml:31:17-49
119            <meta-data
119-->[androidx.profileinstaller:profileinstaller:1.3.0] AndroidManifest.xml:29:13-31:52
120                android:name="androidx.profileinstaller.ProfileInstallerInitializer"
120-->[androidx.profileinstaller:profileinstaller:1.3.0] AndroidManifest.xml:30:17-85
121                android:value="androidx.startup" />
121-->[androidx.profileinstaller:profileinstaller:1.3.0] AndroidManifest.xml:31:17-49
122        </provider>
123
124        <service
124-->[androidx.work:work-runtime:2.9.0] AndroidManifest.xml:39:9-45:35
125            android:name="androidx.work.impl.background.systemalarm.SystemAlarmService"
125-->[androidx.work:work-runtime:2.9.0] AndroidManifest.xml:40:13-88
126            android:directBootAware="false"
126-->[androidx.work:work-runtime:2.9.0] AndroidManifest.xml:41:13-44
127            android:enabled="@bool/enable_system_alarm_service_default"
127-->[androidx.work:work-runtime:2.9.0] AndroidManifest.xml:42:13-72
128            android:exported="false" />
128-->[androidx.work:work-runtime:2.9.0] AndroidManifest.xml:43:13-37
129        <service
129-->[androidx.work:work-runtime:2.9.0] AndroidManifest.xml:46:9-52:35
130            android:name="androidx.work.impl.background.systemjob.SystemJobService"
130-->[androidx.work:work-runtime:2.9.0] AndroidManifest.xml:47:13-84
131            android:directBootAware="false"
131-->[androidx.work:work-runtime:2.9.0] AndroidManifest.xml:48:13-44
132            android:enabled="@bool/enable_system_job_service_default"
132-->[androidx.work:work-runtime:2.9.0] AndroidManifest.xml:49:13-70
133            android:exported="true"
133-->[androidx.work:work-runtime:2.9.0] AndroidManifest.xml:50:13-36
134            android:permission="android.permission.BIND_JOB_SERVICE" />
134-->[androidx.work:work-runtime:2.9.0] AndroidManifest.xml:51:13-69
135        <service
135-->[androidx.work:work-runtime:2.9.0] AndroidManifest.xml:53:9-59:35
136            android:name="androidx.work.impl.foreground.SystemForegroundService"
136-->[androidx.work:work-runtime:2.9.0] AndroidManifest.xml:54:13-81
137            android:directBootAware="false"
137-->[androidx.work:work-runtime:2.9.0] AndroidManifest.xml:55:13-44
138            android:enabled="@bool/enable_system_foreground_service_default"
138-->[androidx.work:work-runtime:2.9.0] AndroidManifest.xml:56:13-77
139            android:exported="false" />
139-->[androidx.work:work-runtime:2.9.0] AndroidManifest.xml:57:13-37
140
141        <receiver
141-->[androidx.work:work-runtime:2.9.0] AndroidManifest.xml:61:9-66:35
142            android:name="androidx.work.impl.utils.ForceStopRunnable$BroadcastReceiver"
142-->[androidx.work:work-runtime:2.9.0] AndroidManifest.xml:62:13-88
143            android:directBootAware="false"
143-->[androidx.work:work-runtime:2.9.0] AndroidManifest.xml:63:13-44
144            android:enabled="true"
144-->[androidx.work:work-runtime:2.9.0] AndroidManifest.xml:64:13-35
145            android:exported="false" />
145-->[androidx.work:work-runtime:2.9.0] AndroidManifest.xml:65:13-37
146        <receiver
146-->[androidx.work:work-runtime:2.9.0] AndroidManifest.xml:67:9-77:20
147            android:name="androidx.work.impl.background.systemalarm.ConstraintProxy$BatteryChargingProxy"
147-->[androidx.work:work-runtime:2.9.0] AndroidManifest.xml:68:13-106
148            android:directBootAware="false"
148-->[androidx.work:work-runtime:2.9.0] AndroidManifest.xml:69:13-44
149            android:enabled="false"
149-->[androidx.work:work-runtime:2.9.0] AndroidManifest.xml:70:13-36
150            android:exported="false" >
150-->[androidx.work:work-runtime:2.9.0] AndroidManifest.xml:71:13-37
151            <intent-filter>
151-->[androidx.work:work-runtime:2.9.0] AndroidManifest.xml:73:13-76:29
152                <action android:name="android.intent.action.ACTION_POWER_CONNECTED" />
152-->[androidx.work:work-runtime:2.9.0] AndroidManifest.xml:74:17-87
152-->[androidx.work:work-runtime:2.9.0] AndroidManifest.xml:74:25-84
153                <action android:name="android.intent.action.ACTION_POWER_DISCONNECTED" />
153-->[androidx.work:work-runtime:2.9.0] AndroidManifest.xml:75:17-90
153-->[androidx.work:work-runtime:2.9.0] AndroidManifest.xml:75:25-87
154            </intent-filter>
155        </receiver>
156        <receiver
156-->[androidx.work:work-runtime:2.9.0] AndroidManifest.xml:78:9-88:20
157            android:name="androidx.work.impl.background.systemalarm.ConstraintProxy$BatteryNotLowProxy"
157-->[androidx.work:work-runtime:2.9.0] AndroidManifest.xml:79:13-104
158            android:directBootAware="false"
158-->[androidx.work:work-runtime:2.9.0] AndroidManifest.xml:80:13-44
159            android:enabled="false"
159-->[androidx.work:work-runtime:2.9.0] AndroidManifest.xml:81:13-36
160            android:exported="false" >
160-->[androidx.work:work-runtime:2.9.0] AndroidManifest.xml:82:13-37
161            <intent-filter>
161-->[androidx.work:work-runtime:2.9.0] AndroidManifest.xml:84:13-87:29
162                <action android:name="android.intent.action.BATTERY_OKAY" />
162-->[androidx.work:work-runtime:2.9.0] AndroidManifest.xml:85:17-77
162-->[androidx.work:work-runtime:2.9.0] AndroidManifest.xml:85:25-74
163                <action android:name="android.intent.action.BATTERY_LOW" />
163-->[androidx.work:work-runtime:2.9.0] AndroidManifest.xml:86:17-76
163-->[androidx.work:work-runtime:2.9.0] AndroidManifest.xml:86:25-73
164            </intent-filter>
165        </receiver>
166        <receiver
166-->[androidx.work:work-runtime:2.9.0] AndroidManifest.xml:89:9-99:20
167            android:name="androidx.work.impl.background.systemalarm.ConstraintProxy$StorageNotLowProxy"
167-->[androidx.work:work-runtime:2.9.0] AndroidManifest.xml:90:13-104
168            android:directBootAware="false"
168-->[androidx.work:work-runtime:2.9.0] AndroidManifest.xml:91:13-44
169            android:enabled="false"
169-->[androidx.work:work-runtime:2.9.0] AndroidManifest.xml:92:13-36
170            android:exported="false" >
170-->[androidx.work:work-runtime:2.9.0] AndroidManifest.xml:93:13-37
171            <intent-filter>
171-->[androidx.work:work-runtime:2.9.0] AndroidManifest.xml:95:13-98:29
172                <action android:name="android.intent.action.DEVICE_STORAGE_LOW" />
172-->[androidx.work:work-runtime:2.9.0] AndroidManifest.xml:96:17-83
172-->[androidx.work:work-runtime:2.9.0] AndroidManifest.xml:96:25-80
173                <action android:name="android.intent.action.DEVICE_STORAGE_OK" />
173-->[androidx.work:work-runtime:2.9.0] AndroidManifest.xml:97:17-82
173-->[androidx.work:work-runtime:2.9.0] AndroidManifest.xml:97:25-79
174            </intent-filter>
175        </receiver>
176        <receiver
176-->[androidx.work:work-runtime:2.9.0] AndroidManifest.xml:100:9-109:20
177            android:name="androidx.work.impl.background.systemalarm.ConstraintProxy$NetworkStateProxy"
177-->[androidx.work:work-runtime:2.9.0] AndroidManifest.xml:101:13-103
178            android:directBootAware="false"
178-->[androidx.work:work-runtime:2.9.0] AndroidManifest.xml:102:13-44
179            android:enabled="false"
179-->[androidx.work:work-runtime:2.9.0] AndroidManifest.xml:103:13-36
180            android:exported="false" >
180-->[androidx.work:work-runtime:2.9.0] AndroidManifest.xml:104:13-37
181            <intent-filter>
181-->[androidx.work:work-runtime:2.9.0] AndroidManifest.xml:106:13-108:29
182                <action android:name="android.net.conn.CONNECTIVITY_CHANGE" />
182-->[androidx.work:work-runtime:2.9.0] AndroidManifest.xml:107:17-79
182-->[androidx.work:work-runtime:2.9.0] AndroidManifest.xml:107:25-76
183            </intent-filter>
184        </receiver>
185        <receiver
185-->[androidx.work:work-runtime:2.9.0] AndroidManifest.xml:110:9-121:20
186            android:name="androidx.work.impl.background.systemalarm.RescheduleReceiver"
186-->[androidx.work:work-runtime:2.9.0] AndroidManifest.xml:111:13-88
187            android:directBootAware="false"
187-->[androidx.work:work-runtime:2.9.0] AndroidManifest.xml:112:13-44
188            android:enabled="false"
188-->[androidx.work:work-runtime:2.9.0] AndroidManifest.xml:113:13-36
189            android:exported="false" >
189-->[androidx.work:work-runtime:2.9.0] AndroidManifest.xml:114:13-37
190            <intent-filter>
190-->[androidx.work:work-runtime:2.9.0] AndroidManifest.xml:116:13-120:29
191                <action android:name="android.intent.action.BOOT_COMPLETED" />
191-->src\main\AndroidManifest.xml:76:17-79
191-->src\main\AndroidManifest.xml:76:25-76
192                <action android:name="android.intent.action.TIME_SET" />
192-->[androidx.work:work-runtime:2.9.0] AndroidManifest.xml:118:17-73
192-->[androidx.work:work-runtime:2.9.0] AndroidManifest.xml:118:25-70
193                <action android:name="android.intent.action.TIMEZONE_CHANGED" />
193-->[androidx.work:work-runtime:2.9.0] AndroidManifest.xml:119:17-81
193-->[androidx.work:work-runtime:2.9.0] AndroidManifest.xml:119:25-78
194            </intent-filter>
195        </receiver>
196        <receiver
196-->[androidx.work:work-runtime:2.9.0] AndroidManifest.xml:122:9-131:20
197            android:name="androidx.work.impl.background.systemalarm.ConstraintProxyUpdateReceiver"
197-->[androidx.work:work-runtime:2.9.0] AndroidManifest.xml:123:13-99
198            android:directBootAware="false"
198-->[androidx.work:work-runtime:2.9.0] AndroidManifest.xml:124:13-44
199            android:enabled="@bool/enable_system_alarm_service_default"
199-->[androidx.work:work-runtime:2.9.0] AndroidManifest.xml:125:13-72
200            android:exported="false" >
200-->[androidx.work:work-runtime:2.9.0] AndroidManifest.xml:126:13-37
201            <intent-filter>
201-->[androidx.work:work-runtime:2.9.0] AndroidManifest.xml:128:13-130:29
202                <action android:name="androidx.work.impl.background.systemalarm.UpdateProxies" />
202-->[androidx.work:work-runtime:2.9.0] AndroidManifest.xml:129:17-98
202-->[androidx.work:work-runtime:2.9.0] AndroidManifest.xml:129:25-95
203            </intent-filter>
204        </receiver>
205        <receiver
205-->[androidx.work:work-runtime:2.9.0] AndroidManifest.xml:132:9-142:20
206            android:name="androidx.work.impl.diagnostics.DiagnosticsReceiver"
206-->[androidx.work:work-runtime:2.9.0] AndroidManifest.xml:133:13-78
207            android:directBootAware="false"
207-->[androidx.work:work-runtime:2.9.0] AndroidManifest.xml:134:13-44
208            android:enabled="true"
208-->[androidx.work:work-runtime:2.9.0] AndroidManifest.xml:135:13-35
209            android:exported="true"
209-->[androidx.work:work-runtime:2.9.0] AndroidManifest.xml:136:13-36
210            android:permission="android.permission.DUMP" >
210-->[androidx.work:work-runtime:2.9.0] AndroidManifest.xml:137:13-57
211            <intent-filter>
211-->[androidx.work:work-runtime:2.9.0] AndroidManifest.xml:139:13-141:29
212                <action android:name="androidx.work.diagnostics.REQUEST_DIAGNOSTICS" />
212-->[androidx.work:work-runtime:2.9.0] AndroidManifest.xml:140:17-88
212-->[androidx.work:work-runtime:2.9.0] AndroidManifest.xml:140:25-85
213            </intent-filter>
214        </receiver>
215
216        <activity
216-->[androidx.compose.ui:ui-tooling-android:1.6.1] AndroidManifest.xml:23:9-25:39
217            android:name="androidx.compose.ui.tooling.PreviewActivity"
217-->[androidx.compose.ui:ui-tooling-android:1.6.1] AndroidManifest.xml:24:13-71
218            android:exported="true" />
218-->[androidx.compose.ui:ui-tooling-android:1.6.1] AndroidManifest.xml:25:13-36
219        <activity
219-->[androidx.compose.ui:ui-test-manifest:1.6.1] AndroidManifest.xml:23:9-25:39
220            android:name="androidx.activity.ComponentActivity"
220-->[androidx.compose.ui:ui-test-manifest:1.6.1] AndroidManifest.xml:24:13-63
221            android:exported="true" />
221-->[androidx.compose.ui:ui-test-manifest:1.6.1] AndroidManifest.xml:25:13-36
222
223        <service
223-->[androidx.room:room-runtime:2.6.1] AndroidManifest.xml:24:9-28:63
224            android:name="androidx.room.MultiInstanceInvalidationService"
224-->[androidx.room:room-runtime:2.6.1] AndroidManifest.xml:25:13-74
225            android:directBootAware="true"
225-->[androidx.room:room-runtime:2.6.1] AndroidManifest.xml:26:13-43
226            android:exported="false" />
226-->[androidx.room:room-runtime:2.6.1] AndroidManifest.xml:27:13-37
227
228        <receiver
228-->[androidx.profileinstaller:profileinstaller:1.3.0] AndroidManifest.xml:34:9-52:20
229            android:name="androidx.profileinstaller.ProfileInstallReceiver"
229-->[androidx.profileinstaller:profileinstaller:1.3.0] AndroidManifest.xml:35:13-76
230            android:directBootAware="false"
230-->[androidx.profileinstaller:profileinstaller:1.3.0] AndroidManifest.xml:36:13-44
231            android:enabled="true"
231-->[androidx.profileinstaller:profileinstaller:1.3.0] AndroidManifest.xml:37:13-35
232            android:exported="true"
232-->[androidx.profileinstaller:profileinstaller:1.3.0] AndroidManifest.xml:38:13-36
233            android:permission="android.permission.DUMP" >
233-->[androidx.profileinstaller:profileinstaller:1.3.0] AndroidManifest.xml:39:13-57
234            <intent-filter>
234-->[androidx.profileinstaller:profileinstaller:1.3.0] AndroidManifest.xml:40:13-42:29
235                <action android:name="androidx.profileinstaller.action.INSTALL_PROFILE" />
235-->[androidx.profileinstaller:profileinstaller:1.3.0] AndroidManifest.xml:41:17-91
235-->[androidx.profileinstaller:profileinstaller:1.3.0] AndroidManifest.xml:41:25-88
236            </intent-filter>
237            <intent-filter>
237-->[androidx.profileinstaller:profileinstaller:1.3.0] AndroidManifest.xml:43:13-45:29
238                <action android:name="androidx.profileinstaller.action.SKIP_FILE" />
238-->[androidx.profileinstaller:profileinstaller:1.3.0] AndroidManifest.xml:44:17-85
238-->[androidx.profileinstaller:profileinstaller:1.3.0] AndroidManifest.xml:44:25-82
239            </intent-filter>
240            <intent-filter>
240-->[androidx.profileinstaller:profileinstaller:1.3.0] AndroidManifest.xml:46:13-48:29
241                <action android:name="androidx.profileinstaller.action.SAVE_PROFILE" />
241-->[androidx.profileinstaller:profileinstaller:1.3.0] AndroidManifest.xml:47:17-88
241-->[androidx.profileinstaller:profileinstaller:1.3.0] AndroidManifest.xml:47:25-85
242            </intent-filter>
243            <intent-filter>
243-->[androidx.profileinstaller:profileinstaller:1.3.0] AndroidManifest.xml:49:13-51:29
244                <action android:name="androidx.profileinstaller.action.BENCHMARK_OPERATION" />
244-->[androidx.profileinstaller:profileinstaller:1.3.0] AndroidManifest.xml:50:17-95
244-->[androidx.profileinstaller:profileinstaller:1.3.0] AndroidManifest.xml:50:25-92
245            </intent-filter>
246        </receiver>
247    </application>
248
249</manifest>